FS - result of full search for any attachments reference in (), needs manual editing
OK - reference updated and file moved
NO - matched in 1st loop, no match in 2nd, needs manual editing
OK {'file': '_index.md', 'path': 'C:\\Users\\Natasa.Kralj\\Documents\\docs\\local-development\\content\\en\\docs\\studio7\\checks\\', 'line No.': 13, 'match': 'attachments/checks/checks-button.png)'}
OK {'file': '_index.md', 'path': 'C:\\Users\\Natasa.Kralj\\Documents\\docs\\local-development\\content\\en\\docs\\studio7\\checks\\', 'line No.': 21, 'match': 'attachments/checks/publish-update.png)'}
OK {'file': '_index.md', 'path': 'C:\\Users\\Natasa.Kralj\\Documents\\docs\\local-development\\content\\en\\docs\\studio7\\checks\\', 'line No.': 25, 'match': 'attachments/checks/checks-button-red.png)'}
OK {'file': '_index.md', 'path': 'C:\\Users\\Natasa.Kralj\\Documents\\docs\\local-development\\content\\en\\docs\\studio7\\checks\\', 'line No.': 30, 'match': 'attachments/checks/checks-panel.png)'}
OK {'file': 'consistency-errors-domain-model.md', 'path': 'C:\\Users\\Natasa.Kralj\\Documents\\docs\\local-development\\content\\en\\docs\\studio7\\consistency-errors\\', 'line No.': 34, 'match': 'attachments/consistency-errors-domain-model/delete-behavior-error-example1.png)'}
OK {'file': 'consistency-errors-domain-model.md', 'path': 'C:\\Users\\Natasa.Kralj\\Documents\\docs\\local-development\\content\\en\\docs\\studio7\\consistency-errors\\', 'line No.': 38, 'match': 'attachments/consistency-errors-domain-model/delete-behavior-error-example2.png)'}
OK {'file': 'consistency-errors-domain-model.md', 'path': 'C:\\Users\\Natasa.Kralj\\Documents\\docs\\local-development\\content\\en\\docs\\studio7\\consistency-errors\\', 'line No.': 42, 'match': 'attachments/consistency-errors-domain-model/delete-behavior-error-example3.png)'}
OK {'file': 'consistency-errors-microflows.md', 'path': 'C:\\Users\\Natasa.Kralj\\Documents\\docs\\local-development\\content\\en\\docs\\studio7\\consistency-errors\\', 'line No.': 15, 'match': 'attachments/consistency-errors-microflows/microflow-error-example.png)'}
OK {'file': 'consistency-errors-navigation.md', 'path': 'C:\\Users\\Natasa.Kralj\\Documents\\docs\\local-development\\content\\en\\docs\\studio7\\consistency-errors\\', 'line No.': 31, 'match': 'attachments/consistency-errors-navigation/page-expects-an-object-error.png)'}
OK {'file': 'consistency-errors-navigation.md', 'path': 'C:\\Users\\Natasa.Kralj\\Documents\\docs\\local-development\\content\\en\\docs\\studio7\\consistency-errors\\', 'line No.': 43, 'match': 'attachments/consistency-errors-navigation/menu-item-properties.png)'}
OK {'file': 'consistency-errors-navigation.md', 'path': 'C:\\Users\\Natasa.Kralj\\Documents\\docs\\local-development\\content\\en\\docs\\studio7\\consistency-errors\\', 'line No.': 54, 'match': 'attachments/consistency-errors-navigation/navigation-item-properties.png)'}
OK {'file': 'consistency-errors-navigation.md', 'path': 'C:\\Users\\Natasa.Kralj\\Documents\\docs\\local-development\\content\\en\\docs\\studio7\\consistency-errors\\', 'line No.': 58, 'match': 'attachments/consistency-errors-pages/data-view-customer.png)'}
OK {'file': 'consistency-errors-navigation.md', 'path': 'C:\\Users\\Natasa.Kralj\\Documents\\docs\\local-development\\content\\en\\docs\\studio7\\consistency-errors\\', 'line No.': 71, 'match': 'attachments/consistency-errors-navigation/menu-item-on-click-action.png)'}
OK {'file': 'consistency-errors-navigation.md', 'path': 'C:\\Users\\Natasa.Kralj\\Documents\\docs\\local-development\\content\\en\\docs\\studio7\\consistency-errors\\', 'line No.': 82, 'match': 'attachments/consistency-errors-navigation/create-object-properties.png)'}
OK {'file': 'consistency-errors-navigation.md', 'path': 'C:\\Users\\Natasa.Kralj\\Documents\\docs\\local-development\\content\\en\\docs\\studio7\\consistency-errors\\', 'line No.': 93, 'match': 'attachments/consistency-errors-navigation/show-page-properties.png)'}
OK {'file': 'consistency-errors-navigation.md', 'path': 'C:\\Users\\Natasa.Kralj\\Documents\\docs\\local-development\\content\\en\\docs\\studio7\\consistency-errors\\', 'line No.': 98, 'match': 'attachments/consistency-errors-navigation/open-page-microflow.png)'}
OK {'file': 'consistency-errors-pages.md', 'path': 'C:\\Users\\Natasa.Kralj\\Documents\\docs\\local-development\\content\\en\\docs\\studio7\\consistency-errors\\', 'line No.': 20, 'match': 'attachments/consistency-errors-pages/list-view-error.png)'}
OK {'file': 'consistency-errors-pages.md', 'path': 'C:\\Users\\Natasa.Kralj\\Documents\\docs\\local-development\\content\\en\\docs\\studio7\\consistency-errors\\', 'line No.': 34, 'match': 'attachments/consistency-errors-pages/data-view-error.png)'}
OK {'file': 'consistency-errors-pages.md', 'path': 'C:\\Users\\Natasa.Kralj\\Documents\\docs\\local-development\\content\\en\\docs\\studio7\\consistency-errors\\', 'line No.': 62, 'match': 'attachments/consistency-errors-pages/customers-page.png)'}
OK {'file': 'consistency-errors-pages.md', 'path': 'C:\\Users\\Natasa.Kralj\\Documents\\docs\\local-development\\content\\en\\docs\\studio7\\consistency-errors\\', 'line No.': 71, 'match': 'attachments/consistency-errors-pages/object-error.png)'}
OK {'file': 'consistency-errors-pages.md', 'path': 'C:\\Users\\Natasa.Kralj\\Documents\\docs\\local-development\\content\\en\\docs\\studio7\\consistency-errors\\', 'line No.': 86, 'match': 'attachments/consistency-errors-pages/list-view-content.png)'}
OK {'file': 'consistency-errors-pages.md', 'path': 'C:\\Users\\Natasa.Kralj\\Documents\\docs\\local-development\\content\\en\\docs\\studio7\\consistency-errors\\', 'line No.': 100, 'match': 'attachments/consistency-errors-pages/create-object-option-enabled.png)'}
OK {'file': 'consistency-errors-pages.md', 'path': 'C:\\Users\\Natasa.Kralj\\Documents\\docs\\local-development\\content\\en\\docs\\studio7\\consistency-errors\\', 'line No.': 115, 'match': 'attachments/consistency-errors-pages/engineers-page.png)'}
OK {'file': 'consistency-errors-pages.md', 'path': 'C:\\Users\\Natasa.Kralj\\Documents\\docs\\local-development\\content\\en\\docs\\studio7\\consistency-errors\\', 'line No.': 124, 'match': 'attachments/consistency-errors-pages/tasks-page-list-view.png)'}
OK {'file': 'consistency-errors-pages.md', 'path': 'C:\\Users\\Natasa.Kralj\\Documents\\docs\\local-development\\content\\en\\docs\\studio7\\consistency-errors\\', 'line No.': 144, 'match': 'attachments/consistency-errors-pages/dynamic-image-properties.png)'}
OK {'file': 'consistency-errors-pages.md', 'path': 'C:\\Users\\Natasa.Kralj\\Documents\\docs\\local-development\\content\\en\\docs\\studio7\\consistency-errors\\', 'line No.': 161, 'match': 'attachments/consistency-errors-pages/on-click-action-error.png)'}
OK {'file': '_index.md', 'path': 'C:\\Users\\Natasa.Kralj\\Documents\\docs\\local-development\\content\\en\\docs\\studio7\\consistency-errors\\', 'line No.': 16, 'match': 'attachments/consistency-errors/data-view-no-entity.png)'}
OK {'file': 'domain-models-association-properties.md', 'path': 'C:\\Users\\Natasa.Kralj\\Documents\\docs\\local-development\\content\\en\\docs\\studio7\\domain-models\\', 'line No.': 22, 'match': 'attachments/domain-models-association-properties/association-properties.png)'}
OK {'file': 'domain-models-association-properties.md', 'path': 'C:\\Users\\Natasa.Kralj\\Documents\\docs\\local-development\\content\\en\\docs\\studio7\\domain-models\\', 'line No.': 46, 'match': 'attachments/domain-models-association-properties/association-domainmodel.png)'}
OK {'file': 'domain-models-association-properties.md', 'path': 'C:\\Users\\Natasa.Kralj\\Documents\\docs\\local-development\\content\\en\\docs\\studio7\\domain-models\\', 'line No.': 78, 'match': 'attachments/domain-models-association-properties/association-icon.png)'}
OK {'file': 'domain-models-association-properties.md', 'path': 'C:\\Users\\Natasa.Kralj\\Documents\\docs\\local-development\\content\\en\\docs\\studio7\\domain-models\\', 'line No.': 82, 'match': 'attachments/domain-models-association-properties/association-pop-up.png)'}
OK {'file': 'domain-models-enumeration.md', 'path': 'C:\\Users\\Natasa.Kralj\\Documents\\docs\\local-development\\content\\en\\docs\\studio7\\domain-models\\', 'line No.': 37, 'match': 'attachments/domain-models-enumeration/new-enumeration-add-item.png)'}
OK {'file': 'domain-models-enumeration.md', 'path': 'C:\\Users\\Natasa.Kralj\\Documents\\docs\\local-development\\content\\en\\docs\\studio7\\domain-models\\', 'line No.': 41, 'match': 'attachments/domain-models-enumeration/new-enumeration-add-item-bronze.png)'}
OK {'file': 'domain-models-enumeration.md', 'path': 'C:\\Users\\Natasa.Kralj\\Documents\\docs\\local-development\\content\\en\\docs\\studio7\\domain-models\\', 'line No.': 46, 'match': 'attachments/domain-models-enumeration/new-enumeration-bronze-silver-gold.png)'}
OK {'file': 'domain-models-enumeration.md', 'path': 'C:\\Users\\Natasa.Kralj\\Documents\\docs\\local-development\\content\\en\\docs\\studio7\\domain-models\\', 'line No.': 64, 'match': 'attachments/domain-models-enumeration/new-attribute-select-enumeration.png)'}
OK {'file': 'domain-models-enumeration.md', 'path': 'C:\\Users\\Natasa.Kralj\\Documents\\docs\\local-development\\content\\en\\docs\\studio7\\domain-models\\', 'line No.': 68, 'match': 'attachments/domain-models-enumeration/selecting-existing-enumeration.png)'}
OK {'file': '_index.md', 'path': 'C:\\Users\\Natasa.Kralj\\Documents\\docs\\local-development\\content\\en\\docs\\studio7\\domain-models\\', 'line No.': 33, 'match': 'attachments/domain-models/domain-model.png)'}
OK {'file': '_index.md', 'path': 'C:\\Users\\Natasa.Kralj\\Documents\\docs\\local-development\\content\\en\\docs\\studio7\\domain-models\\', 'line No.': 38, 'match': 'attachments/domain-models/domain-overview.png)'}
OK {'file': '_index.md', 'path': 'C:\\Users\\Natasa.Kralj\\Documents\\docs\\local-development\\content\\en\\docs\\studio7\\domain-models\\', 'line No.': 62, 'match': 'attachments/domain-models/toolbox-entity.png)'}
OK {'file': '_index.md', 'path': 'C:\\Users\\Natasa.Kralj\\Documents\\docs\\local-development\\content\\en\\docs\\studio7\\domain-models\\', 'line No.': 73, 'match': 'attachments/domain-models/create-new-entity-dialog.png)'}
OK {'file': '_index.md', 'path': 'C:\\Users\\Natasa.Kralj\\Documents\\docs\\local-development\\content\\en\\docs\\studio7\\domain-models\\', 'line No.': 77, 'match': 'attachments/domain-models/new-entity.png)'}
OK {'file': '_index.md', 'path': 'C:\\Users\\Natasa.Kralj\\Documents\\docs\\local-development\\content\\en\\docs\\studio7\\domain-models\\', 'line No.': 86, 'match': 'attachments/domain-models/adding-attribute.png)'}
OK {'file': '_index.md', 'path': 'C:\\Users\\Natasa.Kralj\\Documents\\docs\\local-development\\content\\en\\docs\\studio7\\domain-models\\', 'line No.': 91, 'match': 'attachments/domain-models/create-new-attribute-dialog.png)'}
OK {'file': '_index.md', 'path': 'C:\\Users\\Natasa.Kralj\\Documents\\docs\\local-development\\content\\en\\docs\\studio7\\domain-models\\', 'line No.': 97, 'match': 'attachments/domain-models/new-attribute.png)'}
OK {'file': '_index.md', 'path': 'C:\\Users\\Natasa.Kralj\\Documents\\docs\\local-development\\content\\en\\docs\\studio7\\domain-models\\', 'line No.': 107, 'match': 'attachments/domain-models/adding-association.png)'}
OK {'file': '_index.md', 'path': 'C:\\Users\\Natasa.Kralj\\Documents\\docs\\local-development\\content\\en\\docs\\studio7\\domain-models\\', 'line No.': 112, 'match': 'attachments/domain-models/new-association.png)'}
OK {'file': '_index.md', 'path': 'C:\\Users\\Natasa.Kralj\\Documents\\docs\\local-development\\content\\en\\docs\\studio7\\domain-models\\', 'line No.': 134, 'match': 'attachments/domain-models/entity-properties.png)'}
OK {'file': '_index.md', 'path': 'C:\\Users\\Natasa.Kralj\\Documents\\docs\\local-development\\content\\en\\docs\\studio7\\domain-models\\', 'line No.': 145, 'match': 'attachments/domain-models/attribute-properties.png)'}
OK {'file': '_index.md', 'path': 'C:\\Users\\Natasa.Kralj\\Documents\\docs\\local-development\\content\\en\\docs\\studio7\\domain-models\\', 'line No.': 149, 'match': 'attachments/domain-models/selecting-attribute.png)'}
OK {'file': '_index.md', 'path': 'C:\\Users\\Natasa.Kralj\\Documents\\docs\\local-development\\content\\en\\docs\\studio7\\domain-models\\', 'line No.': 172, 'match': 'attachments/domain-models/managing-associations.png)'}
OK {'file': '_index.md', 'path': 'C:\\Users\\Natasa.Kralj\\Documents\\docs\\local-development\\content\\en\\docs\\studio7\\domain-models\\', 'line No.': 183, 'match': 'attachments/domain-models/deletion.png)'}
OK {'file': '_index.md', 'path': 'C:\\Users\\Natasa.Kralj\\Documents\\docs\\local-development\\content\\en\\docs\\studio7\\filters\\', 'line No.': 15, 'match': 'attachments/filters/retrieve-from-database.png)'}
OK {'file': '_index.md', 'path': 'C:\\Users\\Natasa.Kralj\\Documents\\docs\\local-development\\content\\en\\docs\\studio7\\filters\\', 'line No.': 19, 'match': 'attachments/filters/page-database.jpg)'}
OK {'file': '_index.md', 'path': 'C:\\Users\\Natasa.Kralj\\Documents\\docs\\local-development\\content\\en\\docs\\studio7\\filters\\', 'line No.': 23, 'match': 'attachments/filters/filter-condition.png)'}
OK {'file': '_index.md', 'path': 'C:\\Users\\Natasa.Kralj\\Documents\\docs\\local-development\\content\\en\\docs\\studio7\\filters\\', 'line No.': 29, 'match': 'attachments/filters/and-operator-in-conditions.png)'}
OK {'file': '_index.md', 'path': 'C:\\Users\\Natasa.Kralj\\Documents\\docs\\local-development\\content\\en\\docs\\studio7\\filters\\', 'line No.': 41, 'match': 'attachments/filters/operators-between-groups.png)'}
OK {'file': '_index.md', 'path': 'C:\\Users\\Natasa.Kralj\\Documents\\docs\\local-development\\content\\en\\docs\\studio7\\filters\\', 'line No.': 47, 'match': 'attachments/filters/operator-examples.png)'}
OK {'file': '_index.md', 'path': 'C:\\Users\\Natasa.Kralj\\Documents\\docs\\local-development\\content\\en\\docs\\studio7\\filters\\', 'line No.': 77, 'match': 'attachments/filters/filter-field.png)'}
OK {'file': '_index.md', 'path': 'C:\\Users\\Natasa.Kralj\\Documents\\docs\\local-development\\content\\en\\docs\\studio7\\filters\\', 'line No.': 81, 'match': 'attachments/filters/in-same-quarter-as-operator-example.png)'}
OK {'file': '_index.md', 'path': 'C:\\Users\\Natasa.Kralj\\Documents\\docs\\local-development\\content\\en\\docs\\studio7\\filters\\', 'line No.': 87, 'match': 'attachments/filters/list-of-options.png)'}
OK {'file': '_index.md', 'path': 'C:\\Users\\Natasa.Kralj\\Documents\\docs\\local-development\\content\\en\\docs\\studio7\\filters\\', 'line No.': 93, 'match': 'attachments/filters/add-new-condition.png)'}
OK {'file': '_index.md', 'path': 'C:\\Users\\Natasa.Kralj\\Documents\\docs\\local-development\\content\\en\\docs\\studio7\\filters\\', 'line No.': 98, 'match': 'attachments/filters/change-order.png)'}
OK {'file': '_index.md', 'path': 'C:\\Users\\Natasa.Kralj\\Documents\\docs\\local-development\\content\\en\\docs\\studio7\\filters\\', 'line No.': 104, 'match': 'attachments/filters/create-new-group.png)'}
OK {'file': '_index.md', 'path': 'C:\\Users\\Natasa.Kralj\\Documents\\docs\\local-development\\content\\en\\docs\\studio7\\filters\\', 'line No.': 124, 'match': 'attachments/filters/clear-filter.png)'}
OK {'file': 'general-collaborative-development.md', 'path': 'C:\\Users\\Natasa.Kralj\\Documents\\docs\\local-development\\content\\en\\docs\\studio7\\general\\', 'line No.': 37, 'match': 'attachments/general-collaborative-development/committing-changes.png)'}
OK {'file': 'general-collaborative-development.md', 'path': 'C:\\Users\\Natasa.Kralj\\Documents\\docs\\local-development\\content\\en\\docs\\studio7\\general\\', 'line No.': 42, 'match': 'attachments/general-collaborative-development/synching-changes.png)'}
OK {'file': 'general-collaborative-development.md', 'path': 'C:\\Users\\Natasa.Kralj\\Documents\\docs\\local-development\\content\\en\\docs\\studio7\\general\\', 'line No.': 55, 'match': 'attachments/general-collaborative-development/switching-branches.png)'}
OK {'file': 'general-versions.md', 'path': 'C:\\Users\\Natasa.Kralj\\Documents\\docs\\local-development\\content\\en\\docs\\studio7\\general\\', 'line No.': 19, 'match': 'attachments/general-versions/about-dialog.png)'}
OK {'file': 'general-versions.md', 'path': 'C:\\Users\\Natasa.Kralj\\Documents\\docs\\local-development\\content\\en\\docs\\studio7\\general\\', 'line No.': 32, 'match': 'attachments/general-versions/top-bar-upgrade.png)'}
OK {'file': '_index.md', 'path': 'C:\\Users\\Natasa.Kralj\\Documents\\docs\\local-development\\content\\en\\docs\\studio7\\general\\', 'line No.': 17, 'match': 'attachments/general/home-page.png)'}
OK {'file': '_index.md', 'path': 'C:\\Users\\Natasa.Kralj\\Documents\\docs\\local-development\\content\\en\\docs\\studio7\\general\\', 'line No.': 27, 'match': 'attachments/general/edit-app.jpg)'}
OK {'file': '_index.md', 'path': 'C:\\Users\\Natasa.Kralj\\Documents\\docs\\local-development\\content\\en\\docs\\studio7\\general\\', 'line No.': 39, 'match': 'attachments/general/globe-icon.png)'}
OK {'file': '_index.md', 'path': 'C:\\Users\\Natasa.Kralj\\Documents\\docs\\local-development\\content\\en\\docs\\studio7\\general\\', 'line No.': 47, 'match': 'attachments/general/upgrade.png)'}
OK {'file': '_index.md', 'path': 'C:\\Users\\Natasa.Kralj\\Documents\\docs\\local-development\\content\\en\\docs\\studio7\\general\\', 'line No.': 67, 'match': 'attachments/general/view.png)'}
OK {'file': '_index.md', 'path': 'C:\\Users\\Natasa.Kralj\\Documents\\docs\\local-development\\content\\en\\docs\\studio7\\general\\', 'line No.': 74, 'match': 'attachments/general/left-menu-bar.png)'}
OK {'file': '_index.md', 'path': 'C:\\Users\\Natasa.Kralj\\Documents\\docs\\local-development\\content\\en\\docs\\studio7\\general\\', 'line No.': 92, 'match': 'attachments/general/toolbox-properties-buzz.png)'}
OK {'file': '_index.md', 'path': 'C:\\Users\\Natasa.Kralj\\Documents\\docs\\local-development\\content\\en\\docs\\studio7\\general\\', 'line No.': 104, 'match': 'attachments/general/top-bar.png)'}
OK {'file': 'microflows-decision.md', 'path': 'C:\\Users\\Natasa.Kralj\\Documents\\docs\\local-development\\content\\en\\docs\\studio7\\microflows\\', 'line No.': 23, 'match': 'attachments/microflows-decision/configure-condition-dialog.png)'}
OK {'file': 'microflows-decision.md', 'path': 'C:\\Users\\Natasa.Kralj\\Documents\\docs\\local-development\\content\\en\\docs\\studio7\\microflows\\', 'line No.': 50, 'match': 'attachments/microflows-decision/decision-boolean.png)'}
OK {'file': 'microflows-decision.md', 'path': 'C:\\Users\\Natasa.Kralj\\Documents\\docs\\local-development\\content\\en\\docs\\studio7\\microflows\\', 'line No.': 54, 'match': 'attachments/microflows-decision/decision-enumeration.png)'}
OK {'file': 'microflows-expressions.md', 'path': 'C:\\Users\\Natasa.Kralj\\Documents\\docs\\local-development\\content\\en\\docs\\studio7\\microflows\\', 'line No.': 24, 'match': 'attachments/microflows-expressions/expression-tab.png)'}
OK {'file': 'microflows-expressions.md', 'path': 'C:\\Users\\Natasa.Kralj\\Documents\\docs\\local-development\\content\\en\\docs\\studio7\\microflows\\', 'line No.': 37, 'match': 'attachments/microflows-expressions/expression-error.png)'}
OK {'file': 'microflows-expressions.md', 'path': 'C:\\Users\\Natasa.Kralj\\Documents\\docs\\local-development\\content\\en\\docs\\studio7\\microflows\\', 'line No.': 50, 'match': 'attachments/microflows-expressions/expressions-list.png)'}
OK {'file': 'microflows-expressions.md', 'path': 'C:\\Users\\Natasa.Kralj\\Documents\\docs\\local-development\\content\\en\\docs\\studio7\\microflows\\', 'line No.': 80, 'match': 'attachments/microflows-expressions/example-decision.png)'}
OK {'file': 'microflows-expressions.md', 'path': 'C:\\Users\\Natasa.Kralj\\Documents\\docs\\local-development\\content\\en\\docs\\studio7\\microflows\\', 'line No.': 84, 'match': 'attachments/microflows-expressions/expression-decision.png)'}
OK {'file': 'microflows-expressions.md', 'path': 'C:\\Users\\Natasa.Kralj\\Documents\\docs\\local-development\\content\\en\\docs\\studio7\\microflows\\', 'line No.': 90, 'match': 'attachments/microflows-expressions/customer-empty-and-name-example.png)'}
OK {'file': 'microflows-how-to-configure-decision-p1.md', 'path': 'C:\\Users\\Natasa.Kralj\\Documents\\docs\\local-development\\content\\en\\docs\\studio7\\microflows\\microflows-how-to-configure-decision\\', 'line No.': 48, 'match': 'attachments/microflows-how-to-configure-decision/new-enumeration-add-item.png)'}
OK {'file': 'microflows-how-to-configure-decision-p1.md', 'path': 'C:\\Users\\Natasa.Kralj\\Documents\\docs\\local-development\\content\\en\\docs\\studio7\\microflows\\microflows-how-to-configure-decision\\', 'line No.': 52, 'match': 'attachments/microflows-how-to-configure-decision/new-enumeration-add-item-bronze.png)'}
OK {'file': 'microflows-how-to-configure-decision-p1.md', 'path': 'C:\\Users\\Natasa.Kralj\\Documents\\docs\\local-development\\content\\en\\docs\\studio7\\microflows\\microflows-how-to-configure-decision\\', 'line No.': 57, 'match': 'attachments/microflows-how-to-configure-decision/new-enumeration-bronze-silver-gold.png)'}
OK {'file': 'microflows-how-to-configure-decision-p1.md', 'path': 'C:\\Users\\Natasa.Kralj\\Documents\\docs\\local-development\\content\\en\\docs\\studio7\\microflows\\microflows-how-to-configure-decision\\', 'line No.': 61, 'match': 'attachments/microflows-how-to-configure-decision/grade-attribute.png)'}
OK {'file': 'microflows-how-to-configure-decision-p1.md', 'path': 'C:\\Users\\Natasa.Kralj\\Documents\\docs\\local-development\\content\\en\\docs\\studio7\\microflows\\microflows-how-to-configure-decision\\', 'line No.': 71, 'match': 'attachments/microflows-how-to-configure-decision/microflow-not-set-parameter.png)'}
OK {'file': 'microflows-how-to-configure-decision-p1.md', 'path': 'C:\\Users\\Natasa.Kralj\\Documents\\docs\\local-development\\content\\en\\docs\\studio7\\microflows\\microflows-how-to-configure-decision\\', 'line No.': 77, 'match': 'attachments/microflows-how-to-configure-decision/parameter-properties.png)'}
OK {'file': 'microflows-how-to-configure-decision-p1.md', 'path': 'C:\\Users\\Natasa.Kralj\\Documents\\docs\\local-development\\content\\en\\docs\\studio7\\microflows\\microflows-how-to-configure-decision\\', 'line No.': 82, 'match': 'attachments/microflows-how-to-configure-decision/configure-condition-grade.png)'}
OK {'file': 'microflows-how-to-configure-decision-p1.md', 'path': 'C:\\Users\\Natasa.Kralj\\Documents\\docs\\local-development\\content\\en\\docs\\studio7\\microflows\\microflows-how-to-configure-decision\\', 'line No.': 88, 'match': 'attachments/microflows-how-to-configure-decision/setting-cases.png)'}
OK {'file': 'microflows-how-to-configure-decision-p1.md', 'path': 'C:\\Users\\Natasa.Kralj\\Documents\\docs\\local-development\\content\\en\\docs\\studio7\\microflows\\microflows-how-to-configure-decision\\', 'line No.': 93, 'match': 'attachments/microflows-how-to-configure-decision/go-back-button.png)'}
OK {'file': 'microflows-how-to-configure-decision-p1.md', 'path': 'C:\\Users\\Natasa.Kralj\\Documents\\docs\\local-development\\content\\en\\docs\\studio7\\microflows\\microflows-how-to-configure-decision\\', 'line No.': 98, 'match': 'attachments/microflows-how-to-configure-decision/possible-cases.png)'}
OK {'file': 'microflows-how-to-configure-decision-p1.md', 'path': 'C:\\Users\\Natasa.Kralj\\Documents\\docs\\local-development\\content\\en\\docs\\studio7\\microflows\\microflows-how-to-configure-decision\\', 'line No.': 106, 'match': 'attachments/microflows-how-to-configure-decision/show-page-select-page.png)'}
OK {'file': 'microflows-how-to-configure-decision-p1.md', 'path': 'C:\\Users\\Natasa.Kralj\\Documents\\docs\\local-development\\content\\en\\docs\\studio7\\microflows\\microflows-how-to-configure-decision\\', 'line No.': 112, 'match': 'attachments/microflows-how-to-configure-decision/microflow-empty-flow-show-message.png)'}
OK {'file': 'microflows-how-to-configure-decision-p1.md', 'path': 'C:\\Users\\Natasa.Kralj\\Documents\\docs\\local-development\\content\\en\\docs\\studio7\\microflows\\microflows-how-to-configure-decision\\', 'line No.': 118, 'match': 'attachments/microflows-how-to-configure-decision/empty-customer-grade-message.png)'}
OK {'file': 'microflows-how-to-configure-decision-p1.md', 'path': 'C:\\Users\\Natasa.Kralj\\Documents\\docs\\local-development\\content\\en\\docs\\studio7\\microflows\\microflows-how-to-configure-decision\\', 'line No.': 140, 'match': 'attachments/microflows-how-to-configure-decision/new-attribute-create-dialog.png)'}
OK {'file': 'microflows-how-to-configure-decision-p1.md', 'path': 'C:\\Users\\Natasa.Kralj\\Documents\\docs\\local-development\\content\\en\\docs\\studio7\\microflows\\microflows-how-to-configure-decision\\', 'line No.': 144, 'match': 'attachments/microflows-how-to-configure-decision/blocked-attribute.png)'}
OK {'file': 'microflows-how-to-configure-decision-p1.md', 'path': 'C:\\Users\\Natasa.Kralj\\Documents\\docs\\local-development\\content\\en\\docs\\studio7\\microflows\\microflows-how-to-configure-decision\\', 'line No.': 166, 'match': 'attachments/microflows-how-to-configure-decision/configure-condition-pop-up.png)'}
OK {'file': 'microflows-how-to-configure-decision-p1.md', 'path': 'C:\\Users\\Natasa.Kralj\\Documents\\docs\\local-development\\content\\en\\docs\\studio7\\microflows\\microflows-how-to-configure-decision\\', 'line No.': 170, 'match': 'attachments/microflows-how-to-configure-decision/true-false-flows-microflow.png)'}
OK {'file': 'microflows-how-to-configure-decision-p1.md', 'path': 'C:\\Users\\Natasa.Kralj\\Documents\\docs\\local-development\\content\\en\\docs\\studio7\\microflows\\microflows-how-to-configure-decision\\', 'line No.': 178, 'match': 'attachments/microflows-how-to-configure-decision/show-message-properties-true-flow.png)'}
OK {'file': 'microflows-how-to-configure-decision-p1.md', 'path': 'C:\\Users\\Natasa.Kralj\\Documents\\docs\\local-development\\content\\en\\docs\\studio7\\microflows\\microflows-how-to-configure-decision\\', 'line No.': 182, 'match': 'attachments/microflows-how-to-configure-decision/microflow-blocked-completed.png)'}
OK {'file': 'microflows-how-to-configure-decision-p2.md', 'path': 'C:\\Users\\Natasa.Kralj\\Documents\\docs\\local-development\\content\\en\\docs\\studio7\\microflows\\microflows-how-to-configure-decision\\', 'line No.': 35, 'match': 'attachments/microflows-how-to-configure-decision/data-view.png)'}
OK {'file': 'microflows-how-to-configure-decision-p2.md', 'path': 'C:\\Users\\Natasa.Kralj\\Documents\\docs\\local-development\\content\\en\\docs\\studio7\\microflows\\microflows-how-to-configure-decision\\', 'line No.': 42, 'match': 'attachments/microflows-how-to-configure-decision/data-view-properties.png)'}
OK {'file': 'microflows-how-to-configure-decision-p2.md', 'path': 'C:\\Users\\Natasa.Kralj\\Documents\\docs\\local-development\\content\\en\\docs\\studio7\\microflows\\microflows-how-to-configure-decision\\', 'line No.': 49, 'match': 'attachments/microflows-how-to-configure-decision/create-button-properties.png)'}
OK {'file': 'microflows-how-to-configure-decision-p2.md', 'path': 'C:\\Users\\Natasa.Kralj\\Documents\\docs\\local-development\\content\\en\\docs\\studio7\\microflows\\microflows-how-to-configure-decision\\', 'line No.': 55, 'match': 'attachments/microflows-how-to-configure-decision/pre-fill-contents.png)'}
OK {'file': 'microflows-how-to-configure-decision-p2.md', 'path': 'C:\\Users\\Natasa.Kralj\\Documents\\docs\\local-development\\content\\en\\docs\\studio7\\microflows\\microflows-how-to-configure-decision\\', 'line No.': 62, 'match': 'attachments/microflows-how-to-configure-decision/list-view-list4.png)'}
OK {'file': 'microflows-how-to-configure-decision-p2.md', 'path': 'C:\\Users\\Natasa.Kralj\\Documents\\docs\\local-development\\content\\en\\docs\\studio7\\microflows\\microflows-how-to-configure-decision\\', 'line No.': 71, 'match': 'attachments/microflows-how-to-configure-decision/details-button-microflow.png)'}
OK {'file': 'microflows-how-to-configure-decision-p2.md', 'path': 'C:\\Users\\Natasa.Kralj\\Documents\\docs\\local-development\\content\\en\\docs\\studio7\\microflows\\microflows-how-to-configure-decision\\', 'line No.': 85, 'match': 'attachments/microflows-how-to-configure-decision/new-customer-page-blocked-attribute.png)'}
OK {'file': 'microflows-how-to-configure-decision-p2.md', 'path': 'C:\\Users\\Natasa.Kralj\\Documents\\docs\\local-development\\content\\en\\docs\\studio7\\microflows\\microflows-how-to-configure-decision\\', 'line No.': 94, 'match': 'attachments/microflows-how-to-configure-decision/data-view-select-data-view-source.png)'}
OK {'file': 'microflows-how-to-configure-decision-p2.md', 'path': 'C:\\Users\\Natasa.Kralj\\Documents\\docs\\local-development\\content\\en\\docs\\studio7\\microflows\\microflows-how-to-configure-decision\\', 'line No.': 104, 'match': 'attachments/microflows-how-to-configure-decision/call-microflow-button-in-data-view.png)'}
OK {'file': 'microflows-how-to-configure-decision-p2.md', 'path': 'C:\\Users\\Natasa.Kralj\\Documents\\docs\\local-development\\content\\en\\docs\\studio7\\microflows\\microflows-how-to-configure-decision\\', 'line No.': 109, 'match': 'attachments/microflows-how-to-configure-decision/call-microflow-button-selected-microflow.png)'}
OK {'file': 'microflows-how-to-configure-delete-object.md', 'path': 'C:\\Users\\Natasa.Kralj\\Documents\\docs\\local-development\\content\\en\\docs\\studio7\\microflows\\', 'line No.': 43, 'match': 'attachments/microflows-how-to-configure-delete-object/name-attribute.png)'}
OK {'file': 'microflows-how-to-configure-delete-object.md', 'path': 'C:\\Users\\Natasa.Kralj\\Documents\\docs\\local-development\\content\\en\\docs\\studio7\\microflows\\', 'line No.': 46, 'match': 'attachments/microflows-how-to-configure-delete-object/customer-entity.png)'}
OK {'file': 'microflows-how-to-configure-delete-object.md', 'path': 'C:\\Users\\Natasa.Kralj\\Documents\\docs\\local-development\\content\\en\\docs\\studio7\\microflows\\', 'line No.': 52, 'match': 'attachments/microflows-how-to-configure-delete-object/create-page.png)'}
OK {'file': 'microflows-how-to-configure-delete-object.md', 'path': 'C:\\Users\\Natasa.Kralj\\Documents\\docs\\local-development\\content\\en\\docs\\studio7\\microflows\\', 'line No.': 56, 'match': 'attachments/microflows-how-to-configure-delete-object/blank-page-created.png)'}
OK {'file': 'microflows-how-to-configure-delete-object.md', 'path': 'C:\\Users\\Natasa.Kralj\\Documents\\docs\\local-development\\content\\en\\docs\\studio7\\microflows\\', 'line No.': 66, 'match': 'attachments/microflows-how-to-configure-delete-object/list-1.png)'}
OK {'file': 'microflows-how-to-configure-delete-object.md', 'path': 'C:\\Users\\Natasa.Kralj\\Documents\\docs\\local-development\\content\\en\\docs\\studio7\\microflows\\', 'line No.': 74, 'match': 'attachments/microflows-how-to-configure-delete-object/list-view-properties.png)'}
OK {'file': 'microflows-how-to-configure-delete-object.md', 'path': 'C:\\Users\\Natasa.Kralj\\Documents\\docs\\local-development\\content\\en\\docs\\studio7\\microflows\\', 'line No.': 83, 'match': 'attachments/microflows-how-to-configure-delete-object/text-content.png)'}
OK {'file': 'microflows-how-to-configure-delete-object.md', 'path': 'C:\\Users\\Natasa.Kralj\\Documents\\docs\\local-development\\content\\en\\docs\\studio7\\microflows\\', 'line No.': 88, 'match': 'attachments/microflows-how-to-configure-delete-object/arrow-button.png)'}
OK {'file': 'microflows-how-to-configure-delete-object.md', 'path': 'C:\\Users\\Natasa.Kralj\\Documents\\docs\\local-development\\content\\en\\docs\\studio7\\microflows\\', 'line No.': 92, 'match': 'attachments/microflows-how-to-configure-delete-object/container-for-the-delete-button.png)'}
OK {'file': 'microflows-how-to-configure-delete-object.md', 'path': 'C:\\Users\\Natasa.Kralj\\Documents\\docs\\local-development\\content\\en\\docs\\studio7\\microflows\\', 'line No.': 96, 'match': 'attachments/microflows-how-to-configure-delete-object/delete-button-properties.png)'}
OK {'file': 'microflows-how-to-configure-delete-object.md', 'path': 'C:\\Users\\Natasa.Kralj\\Documents\\docs\\local-development\\content\\en\\docs\\studio7\\microflows\\', 'line No.': 106, 'match': 'attachments/microflows-how-to-configure-delete-object/breadcrumb.png)'}
OK {'file': 'microflows-how-to-configure-delete-object.md', 'path': 'C:\\Users\\Natasa.Kralj\\Documents\\docs\\local-development\\content\\en\\docs\\studio7\\microflows\\', 'line No.': 110, 'match': 'attachments/microflows-how-to-configure-delete-object/add-row.png)'}
OK {'file': 'microflows-how-to-configure-delete-object.md', 'path': 'C:\\Users\\Natasa.Kralj\\Documents\\docs\\local-development\\content\\en\\docs\\studio7\\microflows\\', 'line No.': 120, 'match': 'attachments/microflows-how-to-configure-delete-object/data-view-list-widget.png)'}
OK {'file': 'microflows-how-to-configure-delete-object.md', 'path': 'C:\\Users\\Natasa.Kralj\\Documents\\docs\\local-development\\content\\en\\docs\\studio7\\microflows\\', 'line No.': 130, 'match': 'attachments/microflows-how-to-configure-delete-object/text-heading4.png)'}
OK {'file': 'microflows-how-to-configure-delete-object.md', 'path': 'C:\\Users\\Natasa.Kralj\\Documents\\docs\\local-development\\content\\en\\docs\\studio7\\microflows\\', 'line No.': 136, 'match': 'attachments/microflows-how-to-configure-delete-object/text-box-name.png)'}
OK {'file': 'microflows-how-to-configure-delete-object.md', 'path': 'C:\\Users\\Natasa.Kralj\\Documents\\docs\\local-development\\content\\en\\docs\\studio7\\microflows\\', 'line No.': 142, 'match': 'attachments/microflows-how-to-configure-delete-object/text-box-address.png)'}
OK {'file': 'microflows-how-to-configure-delete-object.md', 'path': 'C:\\Users\\Natasa.Kralj\\Documents\\docs\\local-development\\content\\en\\docs\\studio7\\microflows\\', 'line No.': 154, 'match': 'attachments/microflows-how-to-configure-delete-object/configured-page.png)'}
OK {'file': 'microflows-how-to-configure-delete-object.md', 'path': 'C:\\Users\\Natasa.Kralj\\Documents\\docs\\local-development\\content\\en\\docs\\studio7\\microflows\\', 'line No.': 166, 'match': 'attachments/microflows-how-to-configure-delete-object/published-page-example.png)'}
OK {'file': 'microflows-how-to-merge-and-change-object.md', 'path': 'C:\\Users\\Natasa.Kralj\\Documents\\docs\\local-development\\content\\en\\docs\\studio7\\microflows\\', 'line No.': 44, 'match': 'attachments/microflows-how-to-merge-and-change-object/microflow-without-merge.png)'}
OK {'file': 'microflows-how-to-merge-and-change-object.md', 'path': 'C:\\Users\\Natasa.Kralj\\Documents\\docs\\local-development\\content\\en\\docs\\studio7\\microflows\\', 'line No.': 48, 'match': 'attachments/microflows-how-to-merge-and-change-object/adding-merge.png)'}
OK {'file': 'microflows-how-to-merge-and-change-object.md', 'path': 'C:\\Users\\Natasa.Kralj\\Documents\\docs\\local-development\\content\\en\\docs\\studio7\\microflows\\', 'line No.': 56, 'match': 'attachments/microflows-how-to-merge-and-change-object/hover-over.png)'}
OK {'file': 'microflows-how-to-merge-and-change-object.md', 'path': 'C:\\Users\\Natasa.Kralj\\Documents\\docs\\local-development\\content\\en\\docs\\studio7\\microflows\\', 'line No.': 62, 'match': 'attachments/microflows-how-to-merge-and-change-object/connecting-activity-and-merge.png)'}
OK {'file': 'microflows-how-to-merge-and-change-object.md', 'path': 'C:\\Users\\Natasa.Kralj\\Documents\\docs\\local-development\\content\\en\\docs\\studio7\\microflows\\', 'line No.': 68, 'match': 'attachments/microflows-how-to-merge-and-change-object/flows-into-one.png)'}
OK {'file': 'microflows-how-to-merge-and-change-object.md', 'path': 'C:\\Users\\Natasa.Kralj\\Documents\\docs\\local-development\\content\\en\\docs\\studio7\\microflows\\', 'line No.': 82, 'match': 'attachments/microflows-how-to-merge-and-change-object/new-attribute-active.png)'}
OK {'file': 'microflows-how-to-merge-and-change-object.md', 'path': 'C:\\Users\\Natasa.Kralj\\Documents\\docs\\local-development\\content\\en\\docs\\studio7\\microflows\\', 'line No.': 89, 'match': 'attachments/microflows-how-to-merge-and-change-object/change-object-added.png)'}
OK {'file': 'microflows-how-to-merge-and-change-object.md', 'path': 'C:\\Users\\Natasa.Kralj\\Documents\\docs\\local-development\\content\\en\\docs\\studio7\\microflows\\', 'line No.': 97, 'match': 'attachments/microflows-how-to-merge-and-change-object/change-object-add-new-value.png)'}
OK {'file': 'microflows-how-to-merge-and-change-object.md', 'path': 'C:\\Users\\Natasa.Kralj\\Documents\\docs\\local-development\\content\\en\\docs\\studio7\\microflows\\', 'line No.': 101, 'match': 'attachments/microflows-how-to-merge-and-change-object/change-value-expression-editor.png)'}
OK {'file': 'microflows-how-to-merge-and-change-object.md', 'path': 'C:\\Users\\Natasa.Kralj\\Documents\\docs\\local-development\\content\\en\\docs\\studio7\\microflows\\', 'line No.': 107, 'match': 'attachments/microflows-how-to-merge-and-change-object/change-object-properties.png)'}
OK {'file': 'microflows-loop.md', 'path': 'C:\\Users\\Natasa.Kralj\\Documents\\docs\\local-development\\content\\en\\docs\\studio7\\microflows\\', 'line No.': 16, 'match': 'attachments/microflows-loop/loop.png)'}
OK {'file': 'microflows-loop.md', 'path': 'C:\\Users\\Natasa.Kralj\\Documents\\docs\\local-development\\content\\en\\docs\\studio7\\microflows\\', 'line No.': 28, 'match': 'attachments/microflows-loop/loop-properties.png)'}
OK {'file': 'microflows-loop.md', 'path': 'C:\\Users\\Natasa.Kralj\\Documents\\docs\\local-development\\content\\en\\docs\\studio7\\microflows\\', 'line No.': 35, 'match': 'attachments/microflows-loop/loop-example.png)'}
OK {'file': 'microflows-loop.md', 'path': 'C:\\Users\\Natasa.Kralj\\Documents\\docs\\local-development\\content\\en\\docs\\studio7\\microflows\\', 'line No.': 53, 'match': 'attachments/microflows-loop/retrieve-properties.png)'}
OK {'file': 'microflows-loop.md', 'path': 'C:\\Users\\Natasa.Kralj\\Documents\\docs\\local-development\\content\\en\\docs\\studio7\\microflows\\', 'line No.': 60, 'match': 'attachments/microflows-loop/loop-added.png)'}
OK {'file': 'microflows-loop.md', 'path': 'C:\\Users\\Natasa.Kralj\\Documents\\docs\\local-development\\content\\en\\docs\\studio7\\microflows\\', 'line No.': 64, 'match': 'attachments/microflows-loop/loop-properties-in-example.png)'}
OK {'file': 'microflows-loop.md', 'path': 'C:\\Users\\Natasa.Kralj\\Documents\\docs\\local-development\\content\\en\\docs\\studio7\\microflows\\', 'line No.': 75, 'match': 'attachments/microflows-loop/change-object-properties.png)'}
OK {'file': 'microflows-loop.md', 'path': 'C:\\Users\\Natasa.Kralj\\Documents\\docs\\local-development\\content\\en\\docs\\studio7\\microflows\\', 'line No.': 83, 'match': 'attachments/microflows-loop/change-value-dialogue-example.png)'}
OK {'file': 'microflows-setting-and-changing-value.md', 'path': 'C:\\Users\\Natasa.Kralj\\Documents\\docs\\local-development\\content\\en\\docs\\studio7\\microflows\\', 'line No.': 36, 'match': 'attachments/microflows-setting-and-changing-value/add-new-value.png)'}
OK {'file': 'microflows-setting-and-changing-value.md', 'path': 'C:\\Users\\Natasa.Kralj\\Documents\\docs\\local-development\\content\\en\\docs\\studio7\\microflows\\', 'line No.': 41, 'match': 'attachments/microflows-setting-and-changing-value/set-initial-value-object-dialog.png)'}
OK {'file': 'microflows-setting-and-changing-value.md', 'path': 'C:\\Users\\Natasa.Kralj\\Documents\\docs\\local-development\\content\\en\\docs\\studio7\\microflows\\', 'line No.': 51, 'match': 'attachments/microflows-setting-and-changing-value/set-initial-value-var.png)'}
OK {'file': 'microflows-setting-and-changing-value.md', 'path': 'C:\\Users\\Natasa.Kralj\\Documents\\docs\\local-development\\content\\en\\docs\\studio7\\microflows\\', 'line No.': 55, 'match': 'attachments/microflows-setting-and-changing-value/change-value-var-dialog.png)'}
OK {'file': 'microflows-setting-and-changing-value.md', 'path': 'C:\\Users\\Natasa.Kralj\\Documents\\docs\\local-development\\content\\en\\docs\\studio7\\microflows\\', 'line No.': 65, 'match': 'attachments/microflows-setting-and-changing-value/end-event-returns-value-setting.png)'}
OK {'file': 'microflows-setting-and-changing-value.md', 'path': 'C:\\Users\\Natasa.Kralj\\Documents\\docs\\local-development\\content\\en\\docs\\studio7\\microflows\\', 'line No.': 69, 'match': 'attachments/microflows-setting-and-changing-value/configure-return-value.png)'}
OK {'file': 'microflows-setting-and-changing-value.md', 'path': 'C:\\Users\\Natasa.Kralj\\Documents\\docs\\local-development\\content\\en\\docs\\studio7\\microflows\\', 'line No.': 73, 'match': 'attachments/microflows-setting-and-changing-value/configure-retuen-value-dialog.png)'}
OK {'file': '_index.md', 'path': 'C:\\Users\\Natasa.Kralj\\Documents\\docs\\local-development\\content\\en\\docs\\studio7\\microflows\\', 'line No.': 29, 'match': 'attachments/microflows/micflows-icon.png)'}
OK {'file': '_index.md', 'path': 'C:\\Users\\Natasa.Kralj\\Documents\\docs\\local-development\\content\\en\\docs\\studio7\\microflows\\', 'line No.': 36, 'match': 'attachments/microflows/new-microflow-created.png)'}
OK {'file': '_index.md', 'path': 'C:\\Users\\Natasa.Kralj\\Documents\\docs\\local-development\\content\\en\\docs\\studio7\\microflows\\', 'line No.': 55, 'match': 'attachments/microflows/new-microflow.png)'}
OK {'file': '_index.md', 'path': 'C:\\Users\\Natasa.Kralj\\Documents\\docs\\local-development\\content\\en\\docs\\studio7\\microflows\\', 'line No.': 60, 'match': 'attachments/microflows/new-microflow-dialog.png)'}
OK {'file': '_index.md', 'path': 'C:\\Users\\Natasa.Kralj\\Documents\\docs\\local-development\\content\\en\\docs\\studio7\\microflows\\', 'line No.': 83, 'match': 'attachments/microflows/microflows-general-properties.png)'}
OK {'file': '_index.md', 'path': 'C:\\Users\\Natasa.Kralj\\Documents\\docs\\local-development\\content\\en\\docs\\studio7\\microflows\\', 'line No.': 101, 'match': 'attachments/microflows/object-activities.png)'}
OK {'file': '_index.md', 'path': 'C:\\Users\\Natasa.Kralj\\Documents\\docs\\local-development\\content\\en\\docs\\studio7\\microflows\\', 'line No.': 117, 'match': 'attachments/microflows/client-activities.png)'}
OK {'file': '_index.md', 'path': 'C:\\Users\\Natasa.Kralj\\Documents\\docs\\local-development\\content\\en\\docs\\studio7\\microflows\\', 'line No.': 130, 'match': 'attachments/microflows/variable-activities.png)'}
OK {'file': '_index.md', 'path': 'C:\\Users\\Natasa.Kralj\\Documents\\docs\\local-development\\content\\en\\docs\\studio7\\microflows\\', 'line No.': 141, 'match': 'attachments/microflows/example-of-using-var-activities.png)'}
OK {'file': '_index.md', 'path': 'C:\\Users\\Natasa.Kralj\\Documents\\docs\\local-development\\content\\en\\docs\\studio7\\microflows\\', 'line No.': 150, 'match': 'attachments/microflows/sequence-flow.png)'}
OK {'file': '_index.md', 'path': 'C:\\Users\\Natasa.Kralj\\Documents\\docs\\local-development\\content\\en\\docs\\studio7\\microflows\\', 'line No.': 151, 'match': 'attachments/microflows/annotation-flow.png)'}
OK {'file': '_index.md', 'path': 'C:\\Users\\Natasa.Kralj\\Documents\\docs\\local-development\\content\\en\\docs\\studio7\\microflows\\', 'line No.': 159, 'match': 'attachments/microflows/entity-icon.png)'}
OK {'file': '_index.md', 'path': 'C:\\Users\\Natasa.Kralj\\Documents\\docs\\local-development\\content\\en\\docs\\studio7\\microflows\\', 'line No.': 160, 'match': 'attachments/microflows/simple-value-icon.png)'}
OK {'file': '_index.md', 'path': 'C:\\Users\\Natasa.Kralj\\Documents\\docs\\local-development\\content\\en\\docs\\studio7\\microflows\\', 'line No.': 161, 'match': 'attachments/microflows/commit-icon.png)'}
OK {'file': '_index.md', 'path': 'C:\\Users\\Natasa.Kralj\\Documents\\docs\\local-development\\content\\en\\docs\\studio7\\microflows\\', 'line No.': 162, 'match': 'attachments/microflows/commit-with-no-events-icon.png)'}
OK {'file': '_index.md', 'path': 'C:\\Users\\Natasa.Kralj\\Documents\\docs\\local-development\\content\\en\\docs\\studio7\\microflows\\', 'line No.': 163, 'match': 'attachments/microflows/refresh-in-client-icon.png)'}
OK {'file': 'mx-assist.md', 'path': 'C:\\Users\\Natasa.Kralj\\Documents\\docs\\local-development\\content\\en\\docs\\studio7\\microflows\\', 'line No.': 20, 'match': 'attachments/mx-assist/mendix-assist-icon.png)'}
OK {'file': 'mx-assist.md', 'path': 'C:\\Users\\Natasa.Kralj\\Documents\\docs\\local-development\\content\\en\\docs\\studio7\\microflows\\', 'line No.': 30, 'match': 'attachments/mx-assist/mx-assist-recommendations.png)'}
OK {'file': 'mx-assist.md', 'path': 'C:\\Users\\Natasa.Kralj\\Documents\\docs\\local-development\\content\\en\\docs\\studio7\\microflows\\', 'line No.': 44, 'match': 'attachments/mx-assist/info-dialog.png)'}
OK {'file': 'mx-assist.md', 'path': 'C:\\Users\\Natasa.Kralj\\Documents\\docs\\local-development\\content\\en\\docs\\studio7\\microflows\\', 'line No.': 56, 'match': 'attachments/mx-assist/settings-mx-assist.png)'}
OK {'file': 'mx-assist.md', 'path': 'C:\\Users\\Natasa.Kralj\\Documents\\docs\\local-development\\content\\en\\docs\\studio7\\microflows\\', 'line No.': 67, 'match': 'attachments/mx-assist/info-icon-setting.png)'}
OK {'file': 'mx-assist.md', 'path': 'C:\\Users\\Natasa.Kralj\\Documents\\docs\\local-development\\content\\en\\docs\\studio7\\microflows\\', 'line No.': 88, 'match': 'attachments/mx-assist/mx-assist-list.png)'}
OK {'file': 'mx-assist.md', 'path': 'C:\\Users\\Natasa.Kralj\\Documents\\docs\\local-development\\content\\en\\docs\\studio7\\microflows\\', 'line No.': 97, 'match': 'attachments/mx-assist/check-added.png)'}
OK {'file': 'mx-assist.md', 'path': 'C:\\Users\\Natasa.Kralj\\Documents\\docs\\local-development\\content\\en\\docs\\studio7\\microflows\\', 'line No.': 113, 'match': 'attachments/mx-assist/adding-check.png)'}
OK {'file': 'mx-assist.md', 'path': 'C:\\Users\\Natasa.Kralj\\Documents\\docs\\local-development\\content\\en\\docs\\studio7\\microflows\\', 'line No.': 136, 'match': 'attachments/mx-assist/adding-decision.png)'}
OK {'file': '_index.md', 'path': 'C:\\Users\\Natasa.Kralj\\Documents\\docs\\local-development\\content\\en\\docs\\studio7\\navigation\\', 'line No.': 13, 'match': 'attachments/navigation/nagigation-wm-vs-app.png)'}
OK {'file': '_index.md', 'path': 'C:\\Users\\Natasa.Kralj\\Documents\\docs\\local-development\\content\\en\\docs\\studio7\\navigation\\', 'line No.': 17, 'match': 'attachments/navigation/navigation-icon.png)'}
OK {'file': '_index.md', 'path': 'C:\\Users\\Natasa.Kralj\\Documents\\docs\\local-development\\content\\en\\docs\\studio7\\navigation\\', 'line No.': 33, 'match': 'attachments/navigation/navigation-properties.png)'}
OK {'file': '_index.md', 'path': 'C:\\Users\\Natasa.Kralj\\Documents\\docs\\local-development\\content\\en\\docs\\studio7\\navigation\\', 'line No.': 75, 'match': 'attachments/navigation/adding-navigation-items.png)'}
OK {'file': 'page-editor-data-grid.md', 'path': 'C:\\Users\\Natasa.Kralj\\Documents\\docs\\local-development\\content\\en\\docs\\studio7\\page-editor\\page-editor-widgets\\', 'line No.': 16, 'match': 'attachments/page-editor-data-grid/data-grid-example.png)'}
OK {'file': 'page-editor-data-grid.md', 'path': 'C:\\Users\\Natasa.Kralj\\Documents\\docs\\local-development\\content\\en\\docs\\studio7\\page-editor\\page-editor-widgets\\', 'line No.': 34, 'match': 'attachments/page-editor-data-grid/data-grid-data-source.png)'}
OK {'file': 'page-editor-data-grid.md', 'path': 'C:\\Users\\Natasa.Kralj\\Documents\\docs\\local-development\\content\\en\\docs\\studio7\\page-editor\\page-editor-widgets\\', 'line No.': 51, 'match': 'attachments/page-editor-data-grid/data-grid-columns-section.png)'}
OK {'file': 'page-editor-data-grid.md', 'path': 'C:\\Users\\Natasa.Kralj\\Documents\\docs\\local-development\\content\\en\\docs\\studio7\\page-editor\\page-editor-widgets\\', 'line No.': 64, 'match': 'attachments/page-editor-data-grid/grid-column-properties.png)'}
OK {'file': 'page-editor-data-grid.md', 'path': 'C:\\Users\\Natasa.Kralj\\Documents\\docs\\local-development\\content\\en\\docs\\studio7\\page-editor\\page-editor-widgets\\', 'line No.': 81, 'match': 'attachments/page-editor-data-grid/data-grid-rows-section.png)'}
OK {'file': 'page-editor-data-grid.md', 'path': 'C:\\Users\\Natasa.Kralj\\Documents\\docs\\local-development\\content\\en\\docs\\studio7\\page-editor\\page-editor-widgets\\', 'line No.': 94, 'match': 'attachments/page-editor-data-grid/data-grid-search-section.png)'}
OK {'file': 'page-editor-data-grid.md', 'path': 'C:\\Users\\Natasa.Kralj\\Documents\\docs\\local-development\\content\\en\\docs\\studio7\\page-editor\\page-editor-widgets\\', 'line No.': 112, 'match': 'attachments/page-editor-data-grid/search-field-types.png)'}
OK {'file': 'page-editor-data-grid.md', 'path': 'C:\\Users\\Natasa.Kralj\\Documents\\docs\\local-development\\content\\en\\docs\\studio7\\page-editor\\page-editor-widgets\\', 'line No.': 126, 'match': 'attachments/page-editor-data-grid/search-fields-common-properties.png)'}
OK {'file': 'page-editor-data-grid.md', 'path': 'C:\\Users\\Natasa.Kralj\\Documents\\docs\\local-development\\content\\en\\docs\\studio7\\page-editor\\page-editor-widgets\\', 'line No.': 136, 'match': 'attachments/page-editor-data-grid/input-and-drop-down-search-field-properties.png)'}
OK {'file': 'page-editor-data-grid.md', 'path': 'C:\\Users\\Natasa.Kralj\\Documents\\docs\\local-development\\content\\en\\docs\\studio7\\page-editor\\page-editor-widgets\\', 'line No.': 150, 'match': 'attachments/page-editor-data-grid/range-search-field-properties.png)'}
OK {'file': 'page-editor-data-grid.md', 'path': 'C:\\Users\\Natasa.Kralj\\Documents\\docs\\local-development\\content\\en\\docs\\studio7\\page-editor\\page-editor-widgets\\', 'line No.': 160, 'match': 'attachments/page-editor-data-grid/control-bar-show-paging-controls.png)'}
OK {'file': 'page-editor-data-grid.md', 'path': 'C:\\Users\\Natasa.Kralj\\Documents\\docs\\local-development\\content\\en\\docs\\studio7\\page-editor\\page-editor-widgets\\', 'line No.': 166, 'match': 'attachments/page-editor-data-grid/control-bar-default-button.png)'}
OK {'file': 'page-editor-data-grid.md', 'path': 'C:\\Users\\Natasa.Kralj\\Documents\\docs\\local-development\\content\\en\\docs\\studio7\\page-editor\\page-editor-widgets\\', 'line No.': 185, 'match': 'attachments/page-editor-data-grid/search-bar-toggle-button.png)'}
OK {'file': 'page-editor-data-grid.md', 'path': 'C:\\Users\\Natasa.Kralj\\Documents\\docs\\local-development\\content\\en\\docs\\studio7\\page-editor\\page-editor-widgets\\', 'line No.': 205, 'match': 'attachments/page-editor-data-grid/grid-export-to-excel-button.png)'}
OK {'file': 'page-editor-data-grid.md', 'path': 'C:\\Users\\Natasa.Kralj\\Documents\\docs\\local-development\\content\\en\\docs\\studio7\\page-editor\\page-editor-widgets\\', 'line No.': 211, 'match': 'attachments/page-editor-data-grid/grid-create-button.png)'}
OK {'file': 'page-editor-data-grid.md', 'path': 'C:\\Users\\Natasa.Kralj\\Documents\\docs\\local-development\\content\\en\\docs\\studio7\\page-editor\\page-editor-widgets\\', 'line No.': 224, 'match': 'attachments/page-editor-data-grid/data-grid-events.png)'}
OK {'file': 'page-editor-data-view-list-view.md', 'path': 'C:\\Users\\Natasa.Kralj\\Documents\\docs\\local-development\\content\\en\\docs\\studio7\\page-editor\\page-editor-widgets\\', 'line No.': 18, 'match': 'attachments/page-editor-data-view-list-view/data-view-example.png)'}
OK {'file': 'page-editor-data-view-list-view.md', 'path': 'C:\\Users\\Natasa.Kralj\\Documents\\docs\\local-development\\content\\en\\docs\\studio7\\page-editor\\page-editor-widgets\\', 'line No.': 25, 'match': 'attachments/page-editor-data-view-list-view/list-view-example.png)'}
OK {'file': 'page-editor-data-view-list-view.md', 'path': 'C:\\Users\\Natasa.Kralj\\Documents\\docs\\local-development\\content\\en\\docs\\studio7\\page-editor\\page-editor-widgets\\', 'line No.': 36, 'match': 'attachments/page-editor-data-view-list-view/data-view-properties.png)'}
OK {'file': 'page-editor-data-view-list-view.md', 'path': 'C:\\Users\\Natasa.Kralj\\Documents\\docs\\local-development\\content\\en\\docs\\studio7\\page-editor\\page-editor-widgets\\', 'line No.': 68, 'match': 'attachments/page-editor-data-view-list-view/list-view-properties.png)'}
OK {'file': 'page-editor-data-view-list-view.md', 'path': 'C:\\Users\\Natasa.Kralj\\Documents\\docs\\local-development\\content\\en\\docs\\studio7\\page-editor\\page-editor-widgets\\', 'line No.': 95, 'match': 'attachments/page-editor-data-view-list-view/load-more-list-view.png)'}
OK {'file': 'page-editor-widgets-buttons.md', 'path': 'C:\\Users\\Natasa.Kralj\\Documents\\docs\\local-development\\content\\en\\docs\\studio7\\page-editor\\page-editor-widgets\\', 'line No.': 14, 'match': 'attachments/page-editor-widgets-buttons/button-widgets.png)'}
OK {'file': 'page-editor-widgets-buttons.md', 'path': 'C:\\Users\\Natasa.Kralj\\Documents\\docs\\local-development\\content\\en\\docs\\studio7\\page-editor\\page-editor-widgets\\', 'line No.': 39, 'match': 'attachments/page-editor-widgets-buttons/events-section-page-button.png)'}
OK {'file': 'page-editor-widgets-buttons.md', 'path': 'C:\\Users\\Natasa.Kralj\\Documents\\docs\\local-development\\content\\en\\docs\\studio7\\page-editor\\page-editor-widgets\\', 'line No.': 56, 'match': 'attachments/page-editor-widgets-buttons/events-section.png)'}
OK {'file': 'page-editor-widgets-design-section.md', 'path': 'C:\\Users\\Natasa.Kralj\\Documents\\docs\\local-development\\content\\en\\docs\\studio7\\page-editor\\page-editor-widgets\\', 'line No.': 13, 'match': 'attachments/page-editor-widgets-design-section/design-section-info-icon.png)'}
OK {'file': 'page-editor-widgets-design-section.md', 'path': 'C:\\Users\\Natasa.Kralj\\Documents\\docs\\local-development\\content\\en\\docs\\studio7\\page-editor\\page-editor-widgets\\', 'line No.': 27, 'match': 'attachments/page-editor-widgets-design-section/design-section-scheme.png)'}
OK {'file': 'page-editor-widgets-events-section.md', 'path': 'C:\\Users\\Natasa.Kralj\\Documents\\docs\\local-development\\content\\en\\docs\\studio7\\page-editor\\page-editor-widgets\\', 'line No.': 15, 'match': 'attachments/page-editor-widgets-events-section/events-section.png)'}
OK {'file': 'page-editor-widgets-events-section.md', 'path': 'C:\\Users\\Natasa.Kralj\\Documents\\docs\\local-development\\content\\en\\docs\\studio7\\page-editor\\page-editor-widgets\\', 'line No.': 51, 'match': 'attachments/page-editor-widgets-events-section/create-object-example.png)'}
OK {'file': 'page-editor-widgets-events-section.md', 'path': 'C:\\Users\\Natasa.Kralj\\Documents\\docs\\local-development\\content\\en\\docs\\studio7\\page-editor\\page-editor-widgets\\', 'line No.': 62, 'match': 'attachments/page-editor-widgets-events-section/open-link-action.png)'}
OK {'file': 'page-editor-widgets-events-section.md', 'path': 'C:\\Users\\Natasa.Kralj\\Documents\\docs\\local-development\\content\\en\\docs\\studio7\\page-editor\\page-editor-widgets\\', 'line No.': 82, 'match': 'attachments/page-editor-widgets-events-section/list-view-delete.png)'}
OK {'file': 'page-editor-widgets-events-section.md', 'path': 'C:\\Users\\Natasa.Kralj\\Documents\\docs\\local-development\\content\\en\\docs\\studio7\\page-editor\\page-editor-widgets\\', 'line No.': 90, 'match': 'attachments/page-editor-widgets-events-section/data-view-delete.png)'}
OK {'file': 'page-editor-widgets-images.md', 'path': 'C:\\Users\\Natasa.Kralj\\Documents\\docs\\local-development\\content\\en\\docs\\studio7\\page-editor\\page-editor-widgets\\', 'line No.': 19, 'match': 'attachments/page-editor-widgets-images/image-widgets.png)'}
OK {'file': 'page-editor-widgets-images.md', 'path': 'C:\\Users\\Natasa.Kralj\\Documents\\docs\\local-development\\content\\en\\docs\\studio7\\page-editor\\page-editor-widgets\\', 'line No.': 34, 'match': 'attachments/page-editor-widgets-images/dynamic-image-data-view.png)'}
OK {'file': 'page-editor-widgets-input-elements.md', 'path': 'C:\\Users\\Natasa.Kralj\\Documents\\docs\\local-development\\content\\en\\docs\\studio7\\page-editor\\page-editor-widgets\\', 'line No.': 16, 'match': 'attachments/page-editor-widgets-input-elements/wrap-in-data-view.png)'}
OK {'file': 'page-editor-widgets-input-elements.md', 'path': 'C:\\Users\\Natasa.Kralj\\Documents\\docs\\local-development\\content\\en\\docs\\studio7\\page-editor\\page-editor-widgets\\', 'line No.': 88, 'match': 'attachments/page-editor-widgets-input-elements/Validation-type-required.png)'}
OK {'file': 'page-editor-widgets-structure.md', 'path': 'C:\\Users\\Natasa.Kralj\\Documents\\docs\\local-development\\content\\en\\docs\\studio7\\page-editor\\page-editor-widgets\\', 'line No.': 30, 'match': 'attachments/page-editor-widgets-structure/device-modes.png)'}
OK {'file': 'page-editor-widgets-structure.md', 'path': 'C:\\Users\\Natasa.Kralj\\Documents\\docs\\local-development\\content\\en\\docs\\studio7\\page-editor\\page-editor-widgets\\', 'line No.': 37, 'match': 'attachments/page-editor-widgets-structure/row-example.png)'}
OK {'file': 'page-editor-widgets-structure.md', 'path': 'C:\\Users\\Natasa.Kralj\\Documents\\docs\\local-development\\content\\en\\docs\\studio7\\page-editor\\page-editor-widgets\\', 'line No.': 41, 'match': 'attachments/page-editor-widgets-structure/column-example.png)'}
OK {'file': 'page-editor-widgets-structure.md', 'path': 'C:\\Users\\Natasa.Kralj\\Documents\\docs\\local-development\\content\\en\\docs\\studio7\\page-editor\\page-editor-widgets\\', 'line No.': 59, 'match': 'attachments/page-editor-widgets-structure/layout-grid-expand-row.png)'}
OK {'file': 'page-editor-widgets-structure.md', 'path': 'C:\\Users\\Natasa.Kralj\\Documents\\docs\\local-development\\content\\en\\docs\\studio7\\page-editor\\page-editor-widgets\\', 'line No.': 85, 'match': 'attachments/page-editor-widgets-structure/row-and-column-sections.png)'}
OK {'file': 'page-editor-widgets-structure.md', 'path': 'C:\\Users\\Natasa.Kralj\\Documents\\docs\\local-development\\content\\en\\docs\\studio7\\page-editor\\page-editor-widgets\\', 'line No.': 104, 'match': 'attachments/page-editor-widgets-structure/row-layout-scheme.png)'}
OK {'file': 'page-editor-widgets-structure.md', 'path': 'C:\\Users\\Natasa.Kralj\\Documents\\docs\\local-development\\content\\en\\docs\\studio7\\page-editor\\page-editor-widgets\\', 'line No.': 110, 'match': 'attachments/page-editor-widgets-structure/container.png)'}
OK {'file': 'page-editor-widgets-structure.md', 'path': 'C:\\Users\\Natasa.Kralj\\Documents\\docs\\local-development\\content\\en\\docs\\studio7\\page-editor\\page-editor-widgets\\', 'line No.': 119, 'match': 'attachments/page-editor-widgets-structure/group-box.png)'}
OK {'file': 'page-editor-widgets-structure.md', 'path': 'C:\\Users\\Natasa.Kralj\\Documents\\docs\\local-development\\content\\en\\docs\\studio7\\page-editor\\page-editor-widgets\\', 'line No.': 138, 'match': 'attachments/page-editor-widgets-structure/tab-container-example.png)'}
OK {'file': 'page-editor-widgets-structure.md', 'path': 'C:\\Users\\Natasa.Kralj\\Documents\\docs\\local-development\\content\\en\\docs\\studio7\\page-editor\\page-editor-widgets\\', 'line No.': 149, 'match': 'attachments/page-editor-widgets-structure/tab-container-tabs-property.png)'}
OK {'file': 'page-editor-widgets-structure.md', 'path': 'C:\\Users\\Natasa.Kralj\\Documents\\docs\\local-development\\content\\en\\docs\\studio7\\page-editor\\page-editor-widgets\\', 'line No.': 154, 'match': 'attachments/page-editor-widgets-structure/add-new-tab.png)'}
OK {'file': 'page-editor-widgets-structure.md', 'path': 'C:\\Users\\Natasa.Kralj\\Documents\\docs\\local-development\\content\\en\\docs\\studio7\\page-editor\\page-editor-widgets\\', 'line No.': 169, 'match': 'attachments/page-editor-widgets-structure/tab-properties.png)'}
OK {'file': 'page-editor-widgets-text.md', 'path': 'C:\\Users\\Natasa.Kralj\\Documents\\docs\\local-development\\content\\en\\docs\\studio7\\page-editor\\page-editor-widgets\\', 'line No.': 22, 'match': 'attachments/page-editor-widgets-text/content-example.png)'}
OK {'file': 'page-editor-widgets-text.md', 'path': 'C:\\Users\\Natasa.Kralj\\Documents\\docs\\local-development\\content\\en\\docs\\studio7\\page-editor\\page-editor-widgets\\', 'line No.': 39, 'match': 'attachments/page-editor-widgets-text/content.png)'}
OK {'file': 'page-editor-widgets-text.md', 'path': 'C:\\Users\\Natasa.Kralj\\Documents\\docs\\local-development\\content\\en\\docs\\studio7\\page-editor\\page-editor-widgets\\', 'line No.': 46, 'match': 'attachments/page-editor-widgets-text/list-of-attributes.png)'}
OK {'file': 'page-editor-widgets-text.md', 'path': 'C:\\Users\\Natasa.Kralj\\Documents\\docs\\local-development\\content\\en\\docs\\studio7\\page-editor\\page-editor-widgets\\', 'line No.': 53, 'match': 'attachments/page-editor-widgets-text/edit-text.png)'}
OK {'file': 'page-editor-widgets-text.md', 'path': 'C:\\Users\\Natasa.Kralj\\Documents\\docs\\local-development\\content\\en\\docs\\studio7\\page-editor\\page-editor-widgets\\', 'line No.': 79, 'match': 'attachments/page-editor-widgets-text/page-title-interrelation.png)'}
OK {'file': '_index.md', 'path': 'C:\\Users\\Natasa.Kralj\\Documents\\docs\\local-development\\content\\en\\docs\\studio7\\page-editor\\page-editor-widgets\\', 'line No.': 13, 'match': 'attachments/page-editor-widgets/widgets-examples.png)'}
OK {'file': '_index.md', 'path': 'C:\\Users\\Natasa.Kralj\\Documents\\docs\\local-development\\content\\en\\docs\\studio7\\page-editor\\page-editor-widgets\\', 'line No.': 28, 'match': 'attachments/page-editor-widgets/toolbox-widgets.png)'}
OK {'file': '_index.md', 'path': 'C:\\Users\\Natasa.Kralj\\Documents\\docs\\local-development\\content\\en\\docs\\studio7\\page-editor\\page-editor-widgets\\', 'line No.': 38, 'match': 'attachments/page-editor-widgets/quick-config.png)'}
OK {'file': '_index.md', 'path': 'C:\\Users\\Natasa.Kralj\\Documents\\docs\\local-development\\content\\en\\docs\\studio7\\page-editor\\page-editor-widgets\\', 'line No.': 42, 'match': 'attachments/page-editor-widgets/quick-widget-icon.png)'}
OK {'file': '_index.md', 'path': 'C:\\Users\\Natasa.Kralj\\Documents\\docs\\local-development\\content\\en\\docs\\studio7\\page-editor\\page-editor-widgets\\', 'line No.': 48, 'match': 'attachments/page-editor-widgets/widgets-categories.png)'}
OK {'file': '_index.md', 'path': 'C:\\Users\\Natasa.Kralj\\Documents\\docs\\local-development\\content\\en\\docs\\studio7\\page-editor\\page-editor-widgets\\', 'line No.': 89, 'match': 'attachments/page-editor-widgets/view-app-store-widgets.png)'}
OK {'file': '_index.md', 'path': 'C:\\Users\\Natasa.Kralj\\Documents\\docs\\local-development\\content\\en\\docs\\studio7\\page-editor\\page-editor-widgets\\', 'line No.': 94, 'match': 'attachments/page-editor-widgets/slider.png)'}
OK {'file': '_index.md', 'path': 'C:\\Users\\Natasa.Kralj\\Documents\\docs\\local-development\\content\\en\\docs\\studio7\\page-editor\\page-editor-widgets\\', 'line No.': 98, 'match': 'attachments/page-editor-widgets/app-store-download.png)'}
OK {'file': '_index.md', 'path': 'C:\\Users\\Natasa.Kralj\\Documents\\docs\\local-development\\content\\en\\docs\\studio7\\page-editor\\', 'line No.': 15, 'match': 'attachments/page-editor/pages-icon.png)'}
OK {'file': '_index.md', 'path': 'C:\\Users\\Natasa.Kralj\\Documents\\docs\\local-development\\content\\en\\docs\\studio7\\page-editor\\', 'line No.': 47, 'match': 'attachments/page-editor/opening-a-page.png)'}
OK {'file': '_index.md', 'path': 'C:\\Users\\Natasa.Kralj\\Documents\\docs\\local-development\\content\\en\\docs\\studio7\\page-editor\\', 'line No.': 59, 'match': 'attachments/page-editor/new-page.png)'}
OK {'file': '_index.md', 'path': 'C:\\Users\\Natasa.Kralj\\Documents\\docs\\local-development\\content\\en\\docs\\studio7\\page-editor\\', 'line No.': 65, 'match': 'attachments/page-editor/create-new-page-dialog.png)'}
OK {'file': '_index.md', 'path': 'C:\\Users\\Natasa.Kralj\\Documents\\docs\\local-development\\content\\en\\docs\\studio7\\page-editor\\', 'line No.': 77, 'match': 'attachments/page-editor/page-delete.png)'}
OK {'file': '_index.md', 'path': 'C:\\Users\\Natasa.Kralj\\Documents\\docs\\local-development\\content\\en\\docs\\studio7\\page-editor\\', 'line No.': 87, 'match': 'attachments/page-editor/input-widget-example.png)'}
OK {'file': '_index.md', 'path': 'C:\\Users\\Natasa.Kralj\\Documents\\docs\\local-development\\content\\en\\docs\\studio7\\page-editor\\', 'line No.': 101, 'match': 'attachments/page-editor/breadcrumb.png)'}
OK {'file': '_index.md', 'path': 'C:\\Users\\Natasa.Kralj\\Documents\\docs\\local-development\\content\\en\\docs\\studio7\\page-editor\\', 'line No.': 111, 'match': 'attachments/page-editor/navigation-layout.png)'}
OK {'file': '_index.md', 'path': 'C:\\Users\\Natasa.Kralj\\Documents\\docs\\local-development\\content\\en\\docs\\studio7\\page-editor\\', 'line No.': 137, 'match': 'attachments/page-editor/building-blocks.png)'}
OK {'file': '_index.md', 'path': 'C:\\Users\\Natasa.Kralj\\Documents\\docs\\local-development\\content\\en\\docs\\studio7\\page-editor\\', 'line No.': 160, 'match': 'attachments/page-editor/info-icon-building-blocks.png)'}
OK {'file': '_index.md', 'path': 'C:\\Users\\Natasa.Kralj\\Documents\\docs\\local-development\\content\\en\\docs\\studio7\\page-editor\\', 'line No.': 182, 'match': 'attachments/page-editor/properties.png)'}
OK {'file': '_index.md', 'path': 'C:\\Users\\Natasa.Kralj\\Documents\\docs\\local-development\\content\\en\\docs\\studio7\\publishing-app\\', 'line No.': 21, 'match': 'attachments/publishing-app/preview.jpg)'}
OK {'file': '_index.md', 'path': 'C:\\Users\\Natasa.Kralj\\Documents\\docs\\local-development\\content\\en\\docs\\studio7\\publishing-app\\', 'line No.': 27, 'match': 'attachments/publishing-app/preview-modes.jpg)'}
OK {'file': '_index.md', 'path': 'C:\\Users\\Natasa.Kralj\\Documents\\docs\\local-development\\content\\en\\docs\\studio7\\publishing-app\\', 'line No.': 31, 'match': 'attachments/publishing-app/close-preview.jpg)'}
OK {'file': '_index.md', 'path': 'C:\\Users\\Natasa.Kralj\\Documents\\docs\\local-development\\content\\en\\docs\\studio7\\publishing-app\\', 'line No.': 72, 'match': 'attachments/publishing-app/view-app-drop-down.png)'}
OK {'file': '_index.md', 'path': 'C:\\Users\\Natasa.Kralj\\Documents\\docs\\local-development\\content\\en\\docs\\studio7\\publishing-app\\', 'line No.': 80, 'match': 'attachments/publishing-app/view-on-mobile-device.png)'}
OK {'file': 'settings-security.md', 'path': 'C:\\Users\\Natasa.Kralj\\Documents\\docs\\local-development\\content\\en\\docs\\studio7\\settings\\', 'line No.': 26, 'match': 'attachments/settings-security/security-pop-up.png)'}
OK {'file': 'settings-security.md', 'path': 'C:\\Users\\Natasa.Kralj\\Documents\\docs\\local-development\\content\\en\\docs\\studio7\\settings\\', 'line No.': 31, 'match': 'attachments/settings-security/roles-and-permissions-screen.png)'}
OK {'file': 'settings-security.md', 'path': 'C:\\Users\\Natasa.Kralj\\Documents\\docs\\local-development\\content\\en\\docs\\studio7\\settings\\', 'line No.': 35, 'match': 'attachments/settings-security/security-read-only.png)'}
OK {'file': 'settings-security.md', 'path': 'C:\\Users\\Natasa.Kralj\\Documents\\docs\\local-development\\content\\en\\docs\\studio7\\settings\\', 'line No.': 44, 'match': 'attachments/settings-security/enabling-security.png)'}
OK {'file': 'settings-security.md', 'path': 'C:\\Users\\Natasa.Kralj\\Documents\\docs\\local-development\\content\\en\\docs\\studio7\\settings\\', 'line No.': 81, 'match': 'attachments/settings-security/page-access-tab.png)'}
OK {'file': 'settings-security.md', 'path': 'C:\\Users\\Natasa.Kralj\\Documents\\docs\\local-development\\content\\en\\docs\\studio7\\settings\\', 'line No.': 91, 'match': 'attachments/settings-security/add-role-button.png)'}
OK {'file': 'settings-security.md', 'path': 'C:\\Users\\Natasa.Kralj\\Documents\\docs\\local-development\\content\\en\\docs\\studio7\\settings\\', 'line No.': 95, 'match': 'attachments/settings-security/create-role-dialog.png)'}
OK {'file': 'settings-security.md', 'path': 'C:\\Users\\Natasa.Kralj\\Documents\\docs\\local-development\\content\\en\\docs\\studio7\\settings\\', 'line No.': 107, 'match': 'attachments/settings-security/edit-role-option.png)'}
OK {'file': 'settings-security.md', 'path': 'C:\\Users\\Natasa.Kralj\\Documents\\docs\\local-development\\content\\en\\docs\\studio7\\settings\\', 'line No.': 111, 'match': 'attachments/settings-security/edit-role-dialog.png)'}
OK {'file': 'settings-security.md', 'path': 'C:\\Users\\Natasa.Kralj\\Documents\\docs\\local-development\\content\\en\\docs\\studio7\\settings\\', 'line No.': 123, 'match': 'attachments/settings-security/delete-role-option.png)'}
OK {'file': 'settings-security.md', 'path': 'C:\\Users\\Natasa.Kralj\\Documents\\docs\\local-development\\content\\en\\docs\\studio7\\settings\\', 'line No.': 127, 'match': 'attachments/settings-security/delete-role-dialog.png)'}
OK {'file': 'settings-security.md', 'path': 'C:\\Users\\Natasa.Kralj\\Documents\\docs\\local-development\\content\\en\\docs\\studio7\\settings\\', 'line No.': 145, 'match': 'attachments/settings-security/page-access-example.png)'}
OK {'file': 'settings-security.md', 'path': 'C:\\Users\\Natasa.Kralj\\Documents\\docs\\local-development\\content\\en\\docs\\studio7\\settings\\', 'line No.': 151, 'match': 'attachments/settings-security/permissions-section.png)'}
OK {'file': 'settings-security.md', 'path': 'C:\\Users\\Natasa.Kralj\\Documents\\docs\\local-development\\content\\en\\docs\\studio7\\settings\\', 'line No.': 165, 'match': 'attachments/settings-security/user-icon.png)'}
OK {'file': 'settings-security.md', 'path': 'C:\\Users\\Natasa.Kralj\\Documents\\docs\\local-development\\content\\en\\docs\\studio7\\settings\\', 'line No.': 169, 'match': 'attachments/settings-security/select-user.png)'}
OK {'file': 'settings-security.md', 'path': 'C:\\Users\\Natasa.Kralj\\Documents\\docs\\local-development\\content\\en\\docs\\studio7\\settings\\', 'line No.': 181, 'match': 'attachments/settings-security/manage-users-button.png)'}
OK {'file': 'settings-widget-overview.md', 'path': 'C:\\Users\\Natasa.Kralj\\Documents\\docs\\local-development\\content\\en\\docs\\studio7\\settings\\', 'line No.': 19, 'match': 'attachments/settings-widget-overview/widget-overview.png)'}
OK {'file': '_index.md', 'path': 'C:\\Users\\Natasa.Kralj\\Documents\\docs\\local-development\\content\\en\\docs\\studio7\\settings\\', 'line No.': 21, 'match': 'attachments/settings/settings-icon.png)'}
OK {'file': '_index.md', 'path': 'C:\\Users\\Natasa.Kralj\\Documents\\docs\\local-development\\content\\en\\docs\\studio7\\start-with-data\\', 'line No.': 63, 'match': 'attachments/start-with-data/drag-and-drop.png)'}
OK {'file': '_index.md', 'path': 'C:\\Users\\Natasa.Kralj\\Documents\\docs\\local-development\\content\\en\\docs\\studio7\\start-with-data\\', 'line No.': 76, 'match': 'attachments/start-with-data/relations-identified.png)'}
OK {'file': '_index.md', 'path': 'C:\\Users\\Natasa.Kralj\\Documents\\docs\\local-development\\content\\en\\docs\\studio7\\start-with-data\\', 'line No.': 81, 'match': 'attachments/start-with-data/data-preview.png)'}
OK {'file': '_index.md', 'path': 'C:\\Users\\Natasa.Kralj\\Documents\\docs\\local-development\\content\\en\\docs\\studio7\\start-with-data\\', 'line No.': 87, 'match': 'attachments/start-with-data/manage-relations.png)'}
OK {'file': '_index.md', 'path': 'C:\\Users\\Natasa.Kralj\\Documents\\docs\\local-development\\content\\en\\docs\\studio7\\start-with-data\\', 'line No.': 99, 'match': 'attachments/start-with-data/attribute-type-drop-down.png)'}
OK {'file': '_index.md', 'path': 'C:\\Users\\Natasa.Kralj\\Documents\\docs\\local-development\\content\\en\\docs\\studio7\\start-with-data\\', 'line No.': 103, 'match': 'attachments/start-with-data/generate-pages-option.png)'}
OK {'file': '_index.md', 'path': 'C:\\Users\\Natasa.Kralj\\Documents\\docs\\local-development\\content\\en\\docs\\studio7\\start-with-data\\', 'line No.': 127, 'match': 'attachments/start-with-data/domain-model-example.png)'}
OK {'file': '_index.md', 'path': 'C:\\Users\\Natasa.Kralj\\Documents\\docs\\local-development\\content\\en\\docs\\studio7\\start-with-data\\', 'line No.': 142, 'match': 'attachments/start-with-data/manage-data-page.png)'}
OK {'file': '_index.md', 'path': 'C:\\Users\\Natasa.Kralj\\Documents\\docs\\local-development\\content\\en\\docs\\studio7\\start-with-data\\', 'line No.': 148, 'match': 'attachments/start-with-data/home-page.png)'}
OK {'file': '_index.md', 'path': 'C:\\Users\\Natasa.Kralj\\Documents\\docs\\local-development\\content\\en\\docs\\studio7\\theme-customizer\\', 'line No.': 13, 'match': 'attachments/theme-customizer/default-vs-customized.png)'}
OK {'file': '_index.md', 'path': 'C:\\Users\\Natasa.Kralj\\Documents\\docs\\local-development\\content\\en\\docs\\studio7\\theme-customizer\\', 'line No.': 17, 'match': 'attachments/theme-customizer/theme-customizer-icon.png)'}
OK {'file': '_index.md', 'path': 'C:\\Users\\Natasa.Kralj\\Documents\\docs\\local-development\\content\\en\\docs\\studio7\\theme-customizer\\', 'line No.': 53, 'match': 'attachments/theme-customizer/upload-logo.png)'}
OK {'file': '_index.md', 'path': 'C:\\Users\\Natasa.Kralj\\Documents\\docs\\local-development\\content\\en\\docs\\studio7\\theme-customizer\\', 'line No.': 58, 'match': 'attachments/theme-customizer/logo-preview.png)'}
OK {'file': '_index.md', 'path': 'C:\\Users\\Natasa.Kralj\\Documents\\docs\\local-development\\content\\en\\docs\\studio7\\theme-customizer\\', 'line No.': 71, 'match': 'attachments/theme-customizer/adjusting-color.png)'}
